<?xml version="1.0" encoding="UTF-8"?>
<testng-results skipped="0" failed="0" ignored="0" total="1" passed="1">
  <reporter-output>
  </reporter-output>
  <suite name="Suite1" duration-ms="4993" started-at="2020-07-13T16:23:06 BST" finished-at="2020-07-13T16:23:11 BST">
    <groups>
    </groups>
    <test name="w3schools" duration-ms="4993" started-at="2020-07-13T16:23:06 BST" finished-at="2020-07-13T16:23:11 BST">
      <class name="tests.TestBase">
        <test-method status="PASS" signature="Executapplication()[pri:0, instance:tests.TestBase@22a67b4]" name="Executapplication" duration-ms="4966" started-at="2020-07-13T16:23:06 BST" finished-at="2020-07-13T16:23:11 BST">
          <reporter-output>
          </reporter-output>
        </test-method> <!-- Executapplication -->
      </class> <!-- tests.TestBase -->
    </test> <!-- w3schools -->
  </suite> <!-- Suite1 -->
</testng-results>
